mode: atomic
github.com/noandrea/distill/pkg/common/helpers.go:13.32,15.2 1 0
github.com/noandrea/distill/pkg/common/helpers.go:18.32,20.2 1 28
github.com/noandrea/distill/pkg/common/helpers.go:23.52,24.20 1 4
github.com/noandrea/distill/pkg/common/helpers.go:24.20,26.3 1 2
github.com/noandrea/distill/pkg/common/helpers.go:30.46,31.13 1 4
github.com/noandrea/distill/pkg/common/helpers.go:31.13,33.3 1 2
github.com/noandrea/distill/pkg/common/helpers.go:37.55,38.13 1 0
github.com/noandrea/distill/pkg/common/helpers.go:38.13,40.3 1 0
github.com/noandrea/distill/pkg/common/helpers.go:44.70,45.26 1 17
github.com/noandrea/distill/pkg/common/helpers.go:49.2,49.17 1 13
github.com/noandrea/distill/pkg/common/helpers.go:53.2,53.44 1 11
github.com/noandrea/distill/pkg/common/helpers.go:45.26,48.3 2 4
github.com/noandrea/distill/pkg/common/helpers.go:49.17,52.3 2 2
github.com/noandrea/distill/pkg/common/helpers.go:57.30,62.2 4 8
github.com/noandrea/distill/pkg/common/helpers.go:65.60,67.16 2 0
github.com/noandrea/distill/pkg/common/helpers.go:72.2,75.27 4 0
github.com/noandrea/distill/pkg/common/helpers.go:78.2,78.8 1 0
github.com/noandrea/distill/pkg/common/helpers.go:67.16,69.3 1 0
github.com/noandrea/distill/pkg/common/helpers.go:69.8,71.3 1 0
github.com/noandrea/distill/pkg/common/helpers.go:75.27,77.3 1 0
github.com/noandrea/distill/web/endpoints.go:17.44,38.63 10 0
github.com/noandrea/distill/web/endpoints.go:42.2,44.42 2 0
github.com/noandrea/distill/web/endpoints.go:59.2,59.15 1 0
github.com/noandrea/distill/web/endpoints.go:38.63,40.3 1 0
github.com/noandrea/distill/web/endpoints.go:44.42,58.3 7 0
github.com/noandrea/distill/web/endpoints.go:70.58,72.47 2 0
github.com/noandrea/distill/web/endpoints.go:77.2,80.15 4 0
github.com/noandrea/distill/web/endpoints.go:83.2,83.15 1 0
github.com/noandrea/distill/web/endpoints.go:87.2,90.16 3 0
github.com/noandrea/distill/web/endpoints.go:94.2,94.45 1 0
github.com/noandrea/distill/web/endpoints.go:72.47,75.3 2 0
github.com/noandrea/distill/web/endpoints.go:80.15,82.3 1 0
github.com/noandrea/distill/web/endpoints.go:83.15,85.3 1 0
github.com/noandrea/distill/web/endpoints.go:90.16,93.3 2 0
github.com/noandrea/distill/web/endpoints.go:97.59,100.39 3 0
github.com/noandrea/distill/web/endpoints.go:104.2,105.8 2 0
github.com/noandrea/distill/web/endpoints.go:100.39,102.3 1 0
github.com/noandrea/distill/web/endpoints.go:108.65,110.2 1 1
github.com/noandrea/distill/web/endpoints.go:112.61,114.62 2 0
github.com/noandrea/distill/web/endpoints.go:119.2,119.37 1 0
github.com/noandrea/distill/web/endpoints.go:114.62,118.3 2 0
github.com/noandrea/distill/web/endpoints.go:122.61,124.2 1 0
github.com/noandrea/distill/web/endpoints.go:126.63,128.16 2 0
github.com/noandrea/distill/web/endpoints.go:132.2,132.40 1 0
github.com/noandrea/distill/web/endpoints.go:128.16,131.3 2 0
github.com/noandrea/distill/web/endpoints.go:135.62,138.16 3 0
github.com/noandrea/distill/web/endpoints.go:142.2,142.50 1 0
github.com/noandrea/distill/web/endpoints.go:138.16,141.3 2 0
github.com/noandrea/distill/web/endpoints.go:154.67,161.2 1 0
github.com/noandrea/distill/web/endpoints.go:164.66,171.2 1 0
github.com/noandrea/distill/web/endpoints.go:174.61,181.2 1 0
github.com/noandrea/distill/web/endpoints.go:184.76,187.2 2 0
github.com/noandrea/distill/web/endpoints.go:211.49,212.71 1 0
github.com/noandrea/distill/web/endpoints.go:212.71,215.20 3 0
github.com/noandrea/distill/web/endpoints.go:219.3,219.23 1 0
github.com/noandrea/distill/web/endpoints.go:215.20,218.4 2 0
github.com/noandrea/distill/web/endpoints.go:224.43,225.71 1 0
github.com/noandrea/distill/web/endpoints.go:225.71,231.28 5 0
github.com/noandrea/distill/web/endpoints.go:235.3,235.23 1 0
github.com/noandrea/distill/web/endpoints.go:231.28,234.4 2 0
github.com/noandrea/distill/urlstore/Colfer.go:26.35,26.55 1 0
github.com/noandrea/distill/urlstore/Colfer.go:32.37,34.2 1 0
github.com/noandrea/distill/urlstore/Colfer.go:40.36,42.2 1 0
github.com/noandrea/distill/urlstore/Colfer.go:67.45,70.28 2 6571
github.com/noandrea/distill/urlstore/Colfer.go:84.2,84.29 1 6571
github.com/noandrea/distill/urlstore/Colfer.go:98.2,98.32 1 6571
github.com/noandrea/distill/urlstore/Colfer.go:114.2,114.33 1 6571
github.com/noandrea/distill/urlstore/Colfer.go:129.2,129.36 1 6571
github.com/noandrea/distill/urlstore/Colfer.go:145.2,145.38 1 6571
github.com/noandrea/distill/urlstore/Colfer.go:159.2,159.28 1 6571
github.com/noandrea/distill/urlstore/Colfer.go:175.2,175.34 1 6571
github.com/noandrea/distill/urlstore/Colfer.go:190.2,190.36 1 6571
github.com/noandrea/distill/urlstore/Colfer.go:204.2,206.10 3 6571
github.com/noandrea/distill/urlstore/Colfer.go:70.28,74.17 4 6571
github.com/noandrea/distill/urlstore/Colfer.go:79.3,81.27 3 6571
github.com/noandrea/distill/urlstore/Colfer.go:74.17,78.4 3 0
github.com/noandrea/distill/urlstore/Colfer.go:84.29,88.17 4 6571
github.com/noandrea/distill/urlstore/Colfer.go:93.3,95.28 3 6571
github.com/noandrea/distill/urlstore/Colfer.go:88.17,92.4 3 0
github.com/noandrea/distill/urlstore/Colfer.go:98.32,102.3 3 0
github.com/noandrea/distill/urlstore/Colfer.go:102.8,102.19 1 6571
github.com/noandrea/distill/urlstore/Colfer.go:102.19,105.17 3 1296
github.com/noandrea/distill/urlstore/Colfer.go:110.3,111.6 2 1296
github.com/noandrea/distill/urlstore/Colfer.go:105.17,109.4 3 0
github.com/noandrea/distill/urlstore/Colfer.go:114.33,116.16 2 6150
github.com/noandrea/distill/urlstore/Colfer.go:125.3,126.9 2 6150
github.com/noandrea/distill/urlstore/Colfer.go:116.16,120.4 3 6150
github.com/noandrea/distill/urlstore/Colfer.go:120.9,124.4 3 0
github.com/noandrea/distill/urlstore/Colfer.go:129.36,133.3 3 0
github.com/noandrea/distill/urlstore/Colfer.go:133.8,133.19 1 6571
github.com/noandrea/distill/urlstore/Colfer.go:133.19,136.17 3 17
github.com/noandrea/distill/urlstore/Colfer.go:141.3,142.6 2 17
github.com/noandrea/distill/urlstore/Colfer.go:136.17,140.4 3 0
github.com/noandrea/distill/urlstore/Colfer.go:145.38,149.17 4 0
github.com/noandrea/distill/urlstore/Colfer.go:154.3,156.37 3 0
github.com/noandrea/distill/urlstore/Colfer.go:149.17,153.4 3 0
github.com/noandrea/distill/urlstore/Colfer.go:159.28,163.3 3 0
github.com/noandrea/distill/urlstore/Colfer.go:163.8,163.19 1 6571
github.com/noandrea/distill/urlstore/Colfer.go:163.19,166.17 3 6
github.com/noandrea/distill/urlstore/Colfer.go:171.3,172.6 2 6
github.com/noandrea/distill/urlstore/Colfer.go:166.17,170.4 3 0
github.com/noandrea/distill/urlstore/Colfer.go:175.34,177.16 2 6
github.com/noandrea/distill/urlstore/Colfer.go:186.3,187.9 2 6
github.com/noandrea/distill/urlstore/Colfer.go:177.16,181.4 3 6
github.com/noandrea/distill/urlstore/Colfer.go:181.9,185.4 3 0
github.com/noandrea/distill/urlstore/Colfer.go:190.36,194.17 4 2
github.com/noandrea/distill/urlstore/Colfer.go:199.3,201.35 3 2
github.com/noandrea/distill/urlstore/Colfer.go:194.17,198.4 3 0
github.com/noandrea/distill/urlstore/Colfer.go:211.45,214.28 2 6571
github.com/noandrea/distill/urlstore/Colfer.go:223.2,223.29 1 6571
github.com/noandrea/distill/urlstore/Colfer.go:232.2,232.32 1 6571
github.com/noandrea/distill/urlstore/Colfer.go:240.2,240.33 1 6571
github.com/noandrea/distill/urlstore/Colfer.go:248.2,248.36 1 6571
github.com/noandrea/distill/urlstore/Colfer.go:256.2,256.38 1 6571
github.com/noandrea/distill/urlstore/Colfer.go:265.2,265.28 1 6571
github.com/noandrea/distill/urlstore/Colfer.go:273.2,273.34 1 6571
github.com/noandrea/distill/urlstore/Colfer.go:281.2,281.36 1 6571
github.com/noandrea/distill/urlstore/Colfer.go:290.2,290.23 1 6571
github.com/noandrea/distill/urlstore/Colfer.go:293.2,293.15 1 6571
github.com/noandrea/distill/urlstore/Colfer.go:214.28,215.24 1 6571
github.com/noandrea/distill/urlstore/Colfer.go:218.3,218.34 1 6571
github.com/noandrea/distill/urlstore/Colfer.go:215.24,217.4 1 0
github.com/noandrea/distill/urlstore/Colfer.go:218.34,220.4 1 0
github.com/noandrea/distill/urlstore/Colfer.go:223.29,224.24 1 6571
github.com/noandrea/distill/urlstore/Colfer.go:227.3,227.34 1 6571
github.com/noandrea/distill/urlstore/Colfer.go:224.24,226.4 1 0
github.com/noandrea/distill/urlstore/Colfer.go:227.34,229.4 1 0
github.com/noandrea/distill/urlstore/Colfer.go:232.32,234.3 1 0
github.com/noandrea/distill/urlstore/Colfer.go:234.8,234.19 1 6571
github.com/noandrea/distill/urlstore/Colfer.go:234.19,235.30 1 1296
github.com/noandrea/distill/urlstore/Colfer.go:235.30,237.4 1 0
github.com/noandrea/distill/urlstore/Colfer.go:240.33,241.39 1 6150
github.com/noandrea/distill/urlstore/Colfer.go:241.39,243.4 1 6150
github.com/noandrea/distill/urlstore/Colfer.go:243.9,245.4 1 0
github.com/noandrea/distill/urlstore/Colfer.go:248.36,250.3 1 0
github.com/noandrea/distill/urlstore/Colfer.go:250.8,250.19 1 6571
github.com/noandrea/distill/urlstore/Colfer.go:250.19,251.30 1 17
github.com/noandrea/distill/urlstore/Colfer.go:251.30,253.4 1 0
github.com/noandrea/distill/urlstore/Colfer.go:256.38,257.24 1 0
github.com/noandrea/distill/urlstore/Colfer.go:260.3,260.34 1 0
github.com/noandrea/distill/urlstore/Colfer.go:257.24,259.4 1 0
github.com/noandrea/distill/urlstore/Colfer.go:260.34,262.4 1 0
github.com/noandrea/distill/urlstore/Colfer.go:265.28,267.3 1 0
github.com/noandrea/distill/urlstore/Colfer.go:267.8,267.19 1 6571
github.com/noandrea/distill/urlstore/Colfer.go:267.19,268.30 1 6
github.com/noandrea/distill/urlstore/Colfer.go:268.30,270.4 1 0
github.com/noandrea/distill/urlstore/Colfer.go:273.34,274.39 1 6
github.com/noandrea/distill/urlstore/Colfer.go:274.39,276.4 1 6
github.com/noandrea/distill/urlstore/Colfer.go:276.9,278.4 1 0
github.com/noandrea/distill/urlstore/Colfer.go:281.36,282.24 1 2
github.com/noandrea/distill/urlstore/Colfer.go:285.3,285.34 1 2
github.com/noandrea/distill/urlstore/Colfer.go:282.24,284.4 1 0
github.com/noandrea/distill/urlstore/Colfer.go:285.34,287.4 1 0
github.com/noandrea/distill/urlstore/Colfer.go:290.23,292.3 1 0
github.com/noandrea/distill/urlstore/Colfer.go:298.60,300.16 2 6571
github.com/noandrea/distill/urlstore/Colfer.go:303.2,305.18 3 6571
github.com/noandrea/distill/urlstore/Colfer.go:300.16,302.3 1 0
github.com/noandrea/distill/urlstore/Colfer.go:310.55,311.20 1 3002
github.com/noandrea/distill/urlstore/Colfer.go:314.2,317.17 3 3002
github.com/noandrea/distill/urlstore/Colfer.go:356.2,356.17 1 3002
github.com/noandrea/distill/urlstore/Colfer.go:395.2,395.17 1 3002
github.com/noandrea/distill/urlstore/Colfer.go:434.2,434.17 1 3002
github.com/noandrea/distill/urlstore/Colfer.go:454.2,454.17 1 3002
github.com/noandrea/distill/urlstore/Colfer.go:493.2,493.17 1 3002
github.com/noandrea/distill/urlstore/Colfer.go:532.2,532.17 1 3002
github.com/noandrea/distill/urlstore/Colfer.go:571.2,571.17 1 3002
github.com/noandrea/distill/urlstore/Colfer.go:591.2,591.17 1 3002
github.com/noandrea/distill/urlstore/Colfer.go:630.2,630.20 1 3002
github.com/noandrea/distill/urlstore/Colfer.go:633.2,633.23 1 3002
github.com/noandrea/distill/urlstore/Colfer.go:637.2,637.24 1 0
github.com/noandrea/distill/urlstore/Colfer.go:640.2,640.18 1 0
github.com/noandrea/distill/urlstore/Colfer.go:311.20,313.3 1 0
github.com/noandrea/distill/urlstore/Colfer.go:317.17,318.21 1 3002
github.com/noandrea/distill/urlstore/Colfer.go:321.3,324.16 3 3002
github.com/noandrea/distill/urlstore/Colfer.go:341.3,341.30 1 3002
github.com/noandrea/distill/urlstore/Colfer.go:345.3,347.21 3 3002
github.com/noandrea/distill/urlstore/Colfer.go:350.3,353.6 3 3002
github.com/noandrea/distill/urlstore/Colfer.go:318.21,319.12 1 0
github.com/noandrea/distill/urlstore/Colfer.go:324.16,326.39 2 0
github.com/noandrea/distill/urlstore/Colfer.go:326.39,327.23 1 0
github.com/noandrea/distill/urlstore/Colfer.go:330.5,333.17 3 0
github.com/noandrea/distill/urlstore/Colfer.go:337.5,337.29 1 0
github.com/noandrea/distill/urlstore/Colfer.go:327.23,328.14 1 0
github.com/noandrea/distill/urlstore/Colfer.go:333.17,335.11 2 0
github.com/noandrea/distill/urlstore/Colfer.go:341.30,343.4 1 0
github.com/noandrea/distill/urlstore/Colfer.go:347.21,348.12 1 0
github.com/noandrea/distill/urlstore/Colfer.go:356.17,357.21 1 3002
github.com/noandrea/distill/urlstore/Colfer.go:360.3,363.16 3 3002
github.com/noandrea/distill/urlstore/Colfer.go:380.3,380.30 1 3002
github.com/noandrea/distill/urlstore/Colfer.go:384.3,386.21 3 3002
github.com/noandrea/distill/urlstore/Colfer.go:389.3,392.6 3 3002
github.com/noandrea/distill/urlstore/Colfer.go:357.21,358.12 1 0
github.com/noandrea/distill/urlstore/Colfer.go:363.16,365.39 2 0
github.com/noandrea/distill/urlstore/Colfer.go:365.39,366.23 1 0
github.com/noandrea/distill/urlstore/Colfer.go:369.5,372.17 3 0
github.com/noandrea/distill/urlstore/Colfer.go:376.5,376.29 1 0
github.com/noandrea/distill/urlstore/Colfer.go:366.23,367.14 1 0
github.com/noandrea/distill/urlstore/Colfer.go:372.17,374.11 2 0
github.com/noandrea/distill/urlstore/Colfer.go:380.30,382.4 1 0
github.com/noandrea/distill/urlstore/Colfer.go:386.21,387.12 1 0
github.com/noandrea/distill/urlstore/Colfer.go:395.17,398.21 3 1279
github.com/noandrea/distill/urlstore/Colfer.go:401.3,403.16 2 1279
github.com/noandrea/distill/urlstore/Colfer.go:419.3,422.6 3 1279
github.com/noandrea/distill/urlstore/Colfer.go:398.21,399.12 1 0
github.com/noandrea/distill/urlstore/Colfer.go:403.16,405.39 2 0
github.com/noandrea/distill/urlstore/Colfer.go:405.39,408.23 3 0
github.com/noandrea/distill/urlstore/Colfer.go:412.5,412.32 1 0
github.com/noandrea/distill/urlstore/Colfer.go:416.5,416.29 1 0
github.com/noandrea/distill/urlstore/Colfer.go:408.23,409.14 1 0
github.com/noandrea/distill/urlstore/Colfer.go:412.32,414.11 2 0
github.com/noandrea/distill/urlstore/Colfer.go:423.8,423.29 1 1723
github.com/noandrea/distill/urlstore/Colfer.go:423.29,426.21 3 0
github.com/noandrea/distill/urlstore/Colfer.go:429.3,431.6 3 0
github.com/noandrea/distill/urlstore/Colfer.go:426.21,427.12 1 0
github.com/noandrea/distill/urlstore/Colfer.go:434.17,437.21 3 3002
github.com/noandrea/distill/urlstore/Colfer.go:440.3,442.6 3 3002
github.com/noandrea/distill/urlstore/Colfer.go:437.21,438.12 1 0
github.com/noandrea/distill/urlstore/Colfer.go:443.8,443.29 1 0
github.com/noandrea/distill/urlstore/Colfer.go:443.29,446.21 3 0
github.com/noandrea/distill/urlstore/Colfer.go:449.3,451.6 3 0
github.com/noandrea/distill/urlstore/Colfer.go:446.21,447.12 1 0
github.com/noandrea/distill/urlstore/Colfer.go:454.17,457.21 3 8
github.com/noandrea/distill/urlstore/Colfer.go:460.3,462.16 2 8
github.com/noandrea/distill/urlstore/Colfer.go:478.3,481.6 3 8
github.com/noandrea/distill/urlstore/Colfer.go:457.21,458.12 1 0
github.com/noandrea/distill/urlstore/Colfer.go:462.16,464.39 2 0
github.com/noandrea/distill/urlstore/Colfer.go:464.39,467.23 3 0
github.com/noandrea/distill/urlstore/Colfer.go:471.5,471.32 1 0
github.com/noandrea/distill/urlstore/Colfer.go:475.5,475.29 1 0
github.com/noandrea/distill/urlstore/Colfer.go:467.23,468.14 1 0
github.com/noandrea/distill/urlstore/Colfer.go:471.32,473.11 2 0
github.com/noandrea/distill/urlstore/Colfer.go:482.8,482.29 1 2994
github.com/noandrea/distill/urlstore/Colfer.go:482.29,485.21 3 0
github.com/noandrea/distill/urlstore/Colfer.go:488.3,490.6 3 0
github.com/noandrea/distill/urlstore/Colfer.go:485.21,486.12 1 0
github.com/noandrea/distill/urlstore/Colfer.go:493.17,494.21 1 0
github.com/noandrea/distill/urlstore/Colfer.go:497.3,500.16 3 0
github.com/noandrea/distill/urlstore/Colfer.go:517.3,517.30 1 0
github.com/noandrea/distill/urlstore/Colfer.go:521.3,523.21 3 0
github.com/noandrea/distill/urlstore/Colfer.go:526.3,529.6 3 0
github.com/noandrea/distill/urlstore/Colfer.go:494.21,495.12 1 0
github.com/noandrea/distill/urlstore/Colfer.go:500.16,502.39 2 0
github.com/noandrea/distill/urlstore/Colfer.go:502.39,503.23 1 0
github.com/noandrea/distill/urlstore/Colfer.go:506.5,509.17 3 0
github.com/noandrea/distill/urlstore/Colfer.go:513.5,513.29 1 0
github.com/noandrea/distill/urlstore/Colfer.go:503.23,504.14 1 0
github.com/noandrea/distill/urlstore/Colfer.go:509.17,511.11 2 0
github.com/noandrea/distill/urlstore/Colfer.go:517.30,519.4 1 0
github.com/noandrea/distill/urlstore/Colfer.go:523.21,524.12 1 0
github.com/noandrea/distill/urlstore/Colfer.go:532.17,535.21 3 2
github.com/noandrea/distill/urlstore/Colfer.go:538.3,540.16 2 2
github.com/noandrea/distill/urlstore/Colfer.go:556.3,559.6 3 2
github.com/noandrea/distill/urlstore/Colfer.go:535.21,536.12 1 0
github.com/noandrea/distill/urlstore/Colfer.go:540.16,542.39 2 0
github.com/noandrea/distill/urlstore/Colfer.go:542.39,545.23 3 0
github.com/noandrea/distill/urlstore/Colfer.go:549.5,549.32 1 0
github.com/noandrea/distill/urlstore/Colfer.go:553.5,553.29 1 0
github.com/noandrea/distill/urlstore/Colfer.go:545.23,546.14 1 0
github.com/noandrea/distill/urlstore/Colfer.go:549.32,551.11 2 0
github.com/noandrea/distill/urlstore/Colfer.go:560.8,560.29 1 3000
github.com/noandrea/distill/urlstore/Colfer.go:560.29,563.21 3 0
github.com/noandrea/distill/urlstore/Colfer.go:566.3,568.6 3 0
github.com/noandrea/distill/urlstore/Colfer.go:563.21,564.12 1 0
github.com/noandrea/distill/urlstore/Colfer.go:571.17,574.21 3 2
github.com/noandrea/distill/urlstore/Colfer.go:577.3,579.6 3 2
github.com/noandrea/distill/urlstore/Colfer.go:574.21,575.12 1 0
github.com/noandrea/distill/urlstore/Colfer.go:580.8,580.29 1 3000
github.com/noandrea/distill/urlstore/Colfer.go:580.29,583.21 3 0
github.com/noandrea/distill/urlstore/Colfer.go:586.3,588.6 3 0
github.com/noandrea/distill/urlstore/Colfer.go:583.21,584.12 1 0
github.com/noandrea/distill/urlstore/Colfer.go:591.17,592.21 1 0
github.com/noandrea/distill/urlstore/Colfer.go:595.3,598.16 3 0
github.com/noandrea/distill/urlstore/Colfer.go:615.3,615.30 1 0
github.com/noandrea/distill/urlstore/Colfer.go:619.3,621.21 3 0
github.com/noandrea/distill/urlstore/Colfer.go:624.3,627.6 3 0
github.com/noandrea/distill/urlstore/Colfer.go:592.21,593.12 1 0
github.com/noandrea/distill/urlstore/Colfer.go:598.16,600.39 2 0
github.com/noandrea/distill/urlstore/Colfer.go:600.39,601.23 1 0
github.com/noandrea/distill/urlstore/Colfer.go:604.5,607.17 3 0
github.com/noandrea/distill/urlstore/Colfer.go:611.5,611.29 1 0
github.com/noandrea/distill/urlstore/Colfer.go:601.23,602.14 1 0
github.com/noandrea/distill/urlstore/Colfer.go:607.17,609.11 2 0
github.com/noandrea/distill/urlstore/Colfer.go:615.30,617.4 1 0
github.com/noandrea/distill/urlstore/Colfer.go:621.21,622.12 1 0
github.com/noandrea/distill/urlstore/Colfer.go:630.20,632.3 1 0
github.com/noandrea/distill/urlstore/Colfer.go:633.23,635.3 1 3002
github.com/noandrea/distill/urlstore/Colfer.go:637.24,639.3 1 0
github.com/noandrea/distill/urlstore/Colfer.go:645.54,647.33 2 3002
github.com/noandrea/distill/urlstore/Colfer.go:650.2,650.12 1 3002
github.com/noandrea/distill/urlstore/Colfer.go:647.33,649.3 1 0
github.com/noandrea/distill/urlstore/config.go:52.27,54.2 1 0
github.com/noandrea/distill/urlstore/config.go:57.35,74.71 12 13
github.com/noandrea/distill/urlstore/config.go:77.2,79.67 3 13
github.com/noandrea/distill/urlstore/config.go:74.71,76.3 1 13
github.com/noandrea/distill/urlstore/config.go:84.35,86.40 1 13
github.com/noandrea/distill/urlstore/config.go:90.2,90.26 1 13
github.com/noandrea/distill/urlstore/config.go:94.2,94.48 1 13
github.com/noandrea/distill/urlstore/config.go:86.40,87.42 1 0
github.com/noandrea/distill/urlstore/config.go:90.26,91.46 1 0
github.com/noandrea/distill/urlstore/config.go:94.48,95.97 1 0
github.com/noandrea/distill/urlstore/config.go:103.53,118.2 5 0
github.com/noandrea/distill/urlstore/distill.go:18.36,24.2 4 3733
github.com/noandrea/distill/urlstore/distill.go:28.58,30.2 1 1063
github.com/noandrea/distill/urlstore/distill.go:33.104,36.55 1 4858
github.com/noandrea/distill/urlstore/distill.go:42.2,42.31 1 4855
github.com/noandrea/distill/urlstore/distill.go:49.2,49.29 1 4855
github.com/noandrea/distill/urlstore/distill.go:57.2,66.25 3 4855
github.com/noandrea/distill/urlstore/distill.go:71.2,72.24 2 4855
github.com/noandrea/distill/urlstore/distill.go:76.2,78.20 2 4855
github.com/noandrea/distill/urlstore/distill.go:95.2,95.16 1 4854
github.com/noandrea/distill/urlstore/distill.go:103.2,103.18 1 4854
github.com/noandrea/distill/urlstore/distill.go:36.55,40.3 3 3
github.com/noandrea/distill/urlstore/distill.go:42.31,43.65 1 0
github.com/noandrea/distill/urlstore/distill.go:43.65,46.4 2 0
github.com/noandrea/distill/urlstore/distill.go:49.29,50.63 1 0
github.com/noandrea/distill/urlstore/distill.go:50.63,53.4 2 0
github.com/noandrea/distill/urlstore/distill.go:66.25,69.3 1 4851
github.com/noandrea/distill/urlstore/distill.go:72.24,74.3 1 4848
github.com/noandrea/distill/urlstore/distill.go:78.20,80.3 1 3727
github.com/noandrea/distill/urlstore/distill.go:80.8,84.25 3 1128
github.com/noandrea/distill/urlstore/distill.go:88.3,88.58 1 1128
github.com/noandrea/distill/urlstore/distill.go:92.3,92.18 1 1127
github.com/noandrea/distill/urlstore/distill.go:84.25,87.4 2 0
github.com/noandrea/distill/urlstore/distill.go:88.58,91.4 2 1
github.com/noandrea/distill/urlstore/distill.go:95.16,102.3 1 4854
github.com/noandrea/distill/urlstore/distill.go:108.91,109.13 1 9706
github.com/noandrea/distill/urlstore/distill.go:112.2,112.30 1 9706
github.com/noandrea/distill/urlstore/distill.go:115.2,115.8 1 9706
github.com/noandrea/distill/urlstore/distill.go:109.13,111.3 1 4
github.com/noandrea/distill/urlstore/distill.go:112.30,114.3 1 0
github.com/noandrea/distill/urlstore/distill.go:119.39,121.16 2 239
github.com/noandrea/distill/urlstore/distill.go:125.2,129.8 2 239
github.com/noandrea/distill/urlstore/distill.go:121.16,123.3 1 0
github.com/noandrea/distill/urlstore/distill.go:134.64,136.16 2 4076
github.com/noandrea/distill/urlstore/distill.go:140.2,142.70 2 4075
github.com/noandrea/distill/urlstore/distill.go:153.2,153.70 1 4073
github.com/noandrea/distill/urlstore/distill.go:166.2,171.8 5 4061
github.com/noandrea/distill/urlstore/distill.go:136.16,138.3 1 1
github.com/noandrea/distill/urlstore/distill.go:142.70,152.3 8 2
github.com/noandrea/distill/urlstore/distill.go:153.70,163.3 8 12
github.com/noandrea/distill/urlstore/distill.go:175.58,178.2 2 7
github.com/noandrea/distill/urlstore/distill.go:181.53,183.16 2 2
github.com/noandrea/distill/urlstore/distill.go:186.2,189.6 4 2
github.com/noandrea/distill/urlstore/distill.go:216.2,217.8 2 2
github.com/noandrea/distill/urlstore/distill.go:183.16,185.3 1 0
github.com/noandrea/distill/urlstore/distill.go:189.6,191.20 2 2249
github.com/noandrea/distill/urlstore/distill.go:195.3,195.17 1 2247
github.com/noandrea/distill/urlstore/distill.go:199.3,199.52 1 2247
github.com/noandrea/distill/urlstore/distill.go:203.3,205.17 3 2246
github.com/noandrea/distill/urlstore/distill.go:209.3,210.17 2 2246
github.com/noandrea/distill/urlstore/distill.go:214.3,214.9 1 2246
github.com/noandrea/distill/urlstore/distill.go:191.20,193.9 2 2
github.com/noandrea/distill/urlstore/distill.go:195.17,197.9 2 0
github.com/noandrea/distill/urlstore/distill.go:199.52,201.12 1 1
github.com/noandrea/distill/urlstore/distill.go:205.17,207.9 2 0
github.com/noandrea/distill/urlstore/distill.go:210.17,212.9 2 0
github.com/noandrea/distill/urlstore/model.go:74.38,82.2 1 2
github.com/noandrea/distill/urlstore/model.go:85.45,87.2 1 3
github.com/noandrea/distill/urlstore/model.go:90.34,93.2 1 0
github.com/noandrea/distill/urlstore/model.go:96.46,98.2 1 0
github.com/noandrea/distill/urlstore/model.go:101.47,103.2 1 0
github.com/noandrea/distill/urlstore/model.go:114.44,126.2 11 421
github.com/noandrea/distill/urlstore/model.go:129.64,131.13 2 421
github.com/noandrea/distill/urlstore/model.go:134.2,136.55 3 421
github.com/noandrea/distill/urlstore/model.go:139.2,139.57 1 421
github.com/noandrea/distill/urlstore/model.go:142.2,142.61 1 421
github.com/noandrea/distill/urlstore/model.go:145.2,146.53 2 421
github.com/noandrea/distill/urlstore/model.go:149.2,149.55 1 421
github.com/noandrea/distill/urlstore/model.go:152.2,153.8 2 421
github.com/noandrea/distill/urlstore/model.go:131.13,133.3 1 0
github.com/noandrea/distill/urlstore/model.go:136.55,138.3 1 0
github.com/noandrea/distill/urlstore/model.go:139.57,141.3 1 0
github.com/noandrea/distill/urlstore/model.go:142.61,144.3 1 0
github.com/noandrea/distill/urlstore/model.go:146.53,148.3 1 0
github.com/noandrea/distill/urlstore/model.go:149.55,151.3 1 0
github.com/noandrea/distill/urlstore/model.go:157.63,160.11 3 2246
github.com/noandrea/distill/urlstore/model.go:163.2,163.60 1 2246
github.com/noandrea/distill/urlstore/model.go:166.2,166.52 1 2246
github.com/noandrea/distill/urlstore/model.go:169.2,169.55 1 2246
github.com/noandrea/distill/urlstore/model.go:172.2,172.8 1 2246
github.com/noandrea/distill/urlstore/model.go:160.11,162.3 1 1123
github.com/noandrea/distill/urlstore/model.go:163.60,165.3 1 0
github.com/noandrea/distill/urlstore/model.go:166.52,168.3 1 0
github.com/noandrea/distill/urlstore/model.go:169.55,171.3 1 0
github.com/noandrea/distill/urlstore/model.go:184.37,185.12 1 1263
github.com/noandrea/distill/urlstore/model.go:188.2,189.8 2 0
github.com/noandrea/distill/urlstore/model.go:185.12,187.3 1 1263
github.com/noandrea/distill/urlstore/model.go:193.38,194.16 1 842
github.com/noandrea/distill/urlstore/model.go:197.2,198.8 2 421
github.com/noandrea/distill/urlstore/model.go:194.16,196.3 1 421
github.com/noandrea/distill/urlstore/model.go:202.65,203.39 1 0
github.com/noandrea/distill/urlstore/model.go:206.2,206.8 1 0
github.com/noandrea/distill/urlstore/model.go:203.39,205.3 1 0
github.com/noandrea/distill/urlstore/model.go:210.67,211.39 1 5755
github.com/noandrea/distill/urlstore/model.go:214.2,214.8 1 5755
github.com/noandrea/distill/urlstore/model.go:211.39,213.3 1 0
github.com/noandrea/distill/urlstore/model.go:218.68,219.39 1 3088
github.com/noandrea/distill/urlstore/model.go:222.2,222.8 1 3088
github.com/noandrea/distill/urlstore/model.go:219.39,221.3 1 421
github.com/noandrea/distill/urlstore/model.go:225.32,229.2 3 87
github.com/noandrea/distill/urlstore/model.go:231.28,233.2 1 34
github.com/noandrea/distill/urlstore/model.go:235.48,236.16 1 0
github.com/noandrea/distill/urlstore/model.go:246.2,246.8 1 0
github.com/noandrea/distill/urlstore/model.go:237.20,238.16 1 0
github.com/noandrea/distill/urlstore/model.go:239.17,240.16 1 0
github.com/noandrea/distill/urlstore/model.go:241.20,242.16 1 0
github.com/noandrea/distill/urlstore/model.go:243.21,244.16 1 0
github.com/noandrea/distill/urlstore/model.go:274.35,276.2 1 8112
github.com/noandrea/distill/urlstore/model.go:278.35,280.2 1 3
github.com/noandrea/distill/urlstore/model.go:282.42,284.2 1 7
github.com/noandrea/distill/urlstore/model.go:286.45,292.2 5 8125
github.com/noandrea/distill/urlstore/stats.go:24.30,26.22 2 9168
github.com/noandrea/distill/urlstore/stats.go:40.2,40.16 1 9168
github.com/noandrea/distill/urlstore/stats.go:27.20,29.11 2 239
github.com/noandrea/distill/urlstore/stats.go:30.20,32.11 2 4854
github.com/noandrea/distill/urlstore/stats.go:33.17,35.11 2 4061
github.com/noandrea/distill/urlstore/stats.go:36.21,38.18 2 14
github.com/noandrea/distill/urlstore/stats.go:44.34,46.6 1 0
github.com/noandrea/distill/urlstore/stats.go:66.2,67.11 2 0
github.com/noandrea/distill/urlstore/stats.go:46.6,48.21 2 0
github.com/noandrea/distill/urlstore/stats.go:51.3,52.20 2 0
github.com/noandrea/distill/urlstore/stats.go:63.3,63.93 1 0
github.com/noandrea/distill/urlstore/stats.go:48.21,49.9 1 0
github.com/noandrea/distill/urlstore/stats.go:53.18,54.42 1 0
github.com/noandrea/distill/urlstore/stats.go:55.21,57.42 1 0
github.com/noandrea/distill/urlstore/stats.go:58.21,59.43 1 0
github.com/noandrea/distill/urlstore/stats.go:60.22,61.42 1 0
github.com/noandrea/distill/urlstore/stats.go:76.74,86.2 7 0
github.com/noandrea/distill/urlstore/stats.go:95.34,99.2 3 0
github.com/noandrea/distill/urlstore/stats.go:102.34,106.2 3 0
github.com/noandrea/distill/urlstore/stats.go:110.25,111.28 1 0
github.com/noandrea/distill/urlstore/stats.go:114.2,124.44 8 0
github.com/noandrea/distill/urlstore/stats.go:129.2,130.24 2 0
github.com/noandrea/distill/urlstore/stats.go:135.2,135.32 1 0
github.com/noandrea/distill/urlstore/stats.go:111.28,113.3 1 0
github.com/noandrea/distill/urlstore/stats.go:124.44,127.3 2 0
github.com/noandrea/distill/urlstore/stats.go:130.24,133.3 1 0
github.com/noandrea/distill/urlstore/stats.go:135.32,143.47 5 0
github.com/noandrea/distill/urlstore/stats.go:143.47,147.4 3 0
github.com/noandrea/distill/urlstore/urlstore.go:38.19,44.16 4 16
github.com/noandrea/distill/urlstore/urlstore.go:47.2,49.16 3 16
github.com/noandrea/distill/urlstore/urlstore.go:53.2,60.16 3 16
github.com/noandrea/distill/urlstore/urlstore.go:44.16,46.3 1 0
github.com/noandrea/distill/urlstore/urlstore.go:49.16,51.3 1 0
github.com/noandrea/distill/urlstore/urlstore.go:60.16,62.3 1 0
github.com/noandrea/distill/urlstore/urlstore.go:66.21,70.2 3 16
github.com/noandrea/distill/urlstore/urlstore.go:76.42,77.18 1 1296
github.com/noandrea/distill/urlstore/urlstore.go:81.2,82.12 2 1296
github.com/noandrea/distill/urlstore/urlstore.go:77.18,80.3 2 0
github.com/noandrea/distill/urlstore/urlstore.go:86.30,87.52 1 19
github.com/noandrea/distill/urlstore/urlstore.go:96.2,96.8 1 19
github.com/noandrea/distill/urlstore/urlstore.go:87.52,95.3 5 19
github.com/noandrea/distill/urlstore/urlstore.go:100.30,103.50 2 19
github.com/noandrea/distill/urlstore/urlstore.go:110.2,110.8 1 19
github.com/noandrea/distill/urlstore/urlstore.go:103.50,109.3 5 19
github.com/noandrea/distill/urlstore/urlstore.go:114.32,123.2 8 9168
github.com/noandrea/distill/urlstore/urlstore.go:126.31,132.18 5 3
github.com/noandrea/distill/urlstore/urlstore.go:142.2,145.16 3 3
github.com/noandrea/distill/urlstore/urlstore.go:148.2,148.8 1 3
github.com/noandrea/distill/urlstore/urlstore.go:132.18,134.17 2 1284
github.com/noandrea/distill/urlstore/urlstore.go:137.3,139.23 3 1284
github.com/noandrea/distill/urlstore/urlstore.go:134.17,136.4 1 0
github.com/noandrea/distill/urlstore/urlstore.go:145.16,147.3 1 0
github.com/noandrea/distill/urlstore/urlstore.go:152.33,154.2 1 5
github.com/noandrea/distill/urlstore/urlstore.go:157.37,158.52 1 3727
github.com/noandrea/distill/urlstore/urlstore.go:170.2,170.12 1 3727
github.com/noandrea/distill/urlstore/urlstore.go:158.52,163.45 3 3727
github.com/noandrea/distill/urlstore/urlstore.go:167.3,168.9 2 3727
github.com/noandrea/distill/urlstore/urlstore.go:163.45,166.4 2 0
github.com/noandrea/distill/urlstore/urlstore.go:174.37,175.52 1 2844
github.com/noandrea/distill/urlstore/urlstore.go:179.2,179.12 1 2844
github.com/noandrea/distill/urlstore/urlstore.go:175.52,178.3 2 2844
github.com/noandrea/distill/urlstore/urlstore.go:183.46,185.36 2 4083
github.com/noandrea/distill/urlstore/urlstore.go:199.2,199.8 1 4083
github.com/noandrea/distill/urlstore/urlstore.go:185.36,187.51 2 1299
github.com/noandrea/distill/urlstore/urlstore.go:187.51,191.18 4 1299
github.com/noandrea/distill/urlstore/urlstore.go:194.4,194.10 1 1297
github.com/noandrea/distill/urlstore/urlstore.go:191.18,193.5 1 2
github.com/noandrea/distill/urlstore/urlstore.go:196.8,198.3 1 2784
github.com/noandrea/distill/urlstore/urlstore.go:203.45,205.16 2 4076
github.com/noandrea/distill/urlstore/urlstore.go:209.2,211.8 3 4075
github.com/noandrea/distill/urlstore/urlstore.go:205.16,207.3 1 1
github.com/noandrea/distill/urlstore/urlstore.go:215.36,216.52 1 239
github.com/noandrea/distill/urlstore/urlstore.go:226.2,227.8 2 239
github.com/noandrea/distill/urlstore/urlstore.go:216.52,225.3 5 239
github.com/noandrea/distill/urlstore/urlstore.go:231.41,233.13 2 3
github.com/noandrea/distill/urlstore/urlstore.go:282.2,282.8 1 3
github.com/noandrea/distill/urlstore/urlstore.go:234.20,237.17 2 1
github.com/noandrea/distill/urlstore/urlstore.go:240.3,241.17 2 1
github.com/noandrea/distill/urlstore/urlstore.go:244.3,244.42 1 1
github.com/noandrea/distill/urlstore/urlstore.go:245.20,246.51 1 1
github.com/noandrea/distill/urlstore/urlstore.go:278.10,280.53 2 1
github.com/noandrea/distill/urlstore/urlstore.go:237.17,239.4 1 0
github.com/noandrea/distill/urlstore/urlstore.go:241.17,243.4 1 0
github.com/noandrea/distill/urlstore/urlstore.go:246.51,249.18 2 1
github.com/noandrea/distill/urlstore/urlstore.go:252.4,265.52 10 1
github.com/noandrea/distill/urlstore/urlstore.go:276.4,276.10 1 1
github.com/noandrea/distill/urlstore/urlstore.go:249.18,251.5 1 0
github.com/noandrea/distill/urlstore/urlstore.go:265.52,267.49 1 421
github.com/noandrea/distill/urlstore/urlstore.go:272.5,272.19 1 421
github.com/noandrea/distill/urlstore/urlstore.go:267.49,271.6 3 421
github.com/noandrea/distill/urlstore/urlstore.go:272.19,273.11 1 0
github.com/noandrea/distill/urlstore/urlstore.go:286.52,288.13 2 3
github.com/noandrea/distill/urlstore/urlstore.go:324.2,324.8 1 3
github.com/noandrea/distill/urlstore/urlstore.go:289.20,291.17 2 1
github.com/noandrea/distill/urlstore/urlstore.go:294.3,295.13 2 1
github.com/noandrea/distill/urlstore/urlstore.go:296.20,298.17 2 1
github.com/noandrea/distill/urlstore/urlstore.go:301.3,302.7 2 1
github.com/noandrea/distill/urlstore/urlstore.go:319.3,319.13 1 1
github.com/noandrea/distill/urlstore/urlstore.go:320.10,322.53 2 1
github.com/noandrea/distill/urlstore/urlstore.go:291.17,293.4 1 0
github.com/noandrea/distill/urlstore/urlstore.go:298.17,300.4 1 0
github.com/noandrea/distill/urlstore/urlstore.go:302.7,304.21 2 422
github.com/noandrea/distill/urlstore/urlstore.go:307.4,307.18 1 421
github.com/noandrea/distill/urlstore/urlstore.go:310.4,311.51 2 421
github.com/noandrea/distill/urlstore/urlstore.go:314.4,314.35 1 421
github.com/noandrea/distill/urlstore/urlstore.go:317.4,317.11 1 421
github.com/noandrea/distill/urlstore/urlstore.go:304.21,305.10 1 1
github.com/noandrea/distill/urlstore/urlstore.go:307.18,308.10 1 0
github.com/noandrea/distill/urlstore/urlstore.go:311.51,312.10 1 0
github.com/noandrea/distill/urlstore/urlstore.go:314.35,315.10 1 0
github.com/noandrea/distill/urlstore/urlstore.go:328.36,338.2 5 3
github.com/noandrea/distill/urlstore/urlstore.go:348.38,351.2 2 1287
github.com/noandrea/distill/urlstore/urlstore.go:354.57,356.53 2 1284
github.com/noandrea/distill/urlstore/urlstore.go:359.2,359.8 1 1284
github.com/noandrea/distill/urlstore/urlstore.go:356.53,358.3 1 1284
github.com/noandrea/distill/urlstore/urlstore.go:363.31,366.2 2 3
github.com/noandrea/distill/urlstore/urlstore.go:371.57,372.25 1 0
github.com/noandrea/distill/urlstore/urlstore.go:376.2,376.8 1 0
github.com/noandrea/distill/urlstore/urlstore.go:372.25,375.3 2 0
github.com/noandrea/distill/urlstore/urlstore.go:379.57,382.16 3 76
github.com/noandrea/distill/urlstore/urlstore.go:382.16,384.3 1 0
github.com/noandrea/distill/urlstore/urlstore.go:387.75,389.16 2 6571
github.com/noandrea/distill/urlstore/urlstore.go:392.2,394.8 3 6571
github.com/noandrea/distill/urlstore/urlstore.go:389.16,391.3 1 0
github.com/noandrea/distill/urlstore/urlstore.go:397.63,399.16 2 5026
github.com/noandrea/distill/urlstore/urlstore.go:402.2,402.40 1 1297
github.com/noandrea/distill/urlstore/urlstore.go:406.2,407.8 2 1297
github.com/noandrea/distill/urlstore/urlstore.go:399.16,401.3 1 3729
github.com/noandrea/distill/urlstore/urlstore.go:402.40,405.3 2 1297
github.com/noandrea/distill/urlstore/urlstore.go:410.56,412.16 2 76
github.com/noandrea/distill/urlstore/urlstore.go:415.2,416.40 2 24
github.com/noandrea/distill/urlstore/urlstore.go:420.2,422.8 3 24
github.com/noandrea/distill/urlstore/urlstore.go:412.16,414.3 1 52
github.com/noandrea/distill/urlstore/urlstore.go:416.40,419.3 2 24
github.com/noandrea/distill/urlstore/urlstore.go:425.75,427.16 2 1299
github.com/noandrea/distill/urlstore/urlstore.go:430.2,431.8 2 1297
github.com/noandrea/distill/urlstore/urlstore.go:427.16,429.3 1 2
