mode: atomic
github.com/noandrea/distill/pkg/common/helpers.go:19.32,21.2 1 0
github.com/noandrea/distill/pkg/common/helpers.go:24.32,26.2 1 28
github.com/noandrea/distill/pkg/common/helpers.go:29.52,30.20 1 4
github.com/noandrea/distill/pkg/common/helpers.go:30.20,32.3 1 2
github.com/noandrea/distill/pkg/common/helpers.go:35.48,36.19 1 0
github.com/noandrea/distill/pkg/common/helpers.go:39.2,39.10 1 0
github.com/noandrea/distill/pkg/common/helpers.go:36.19,38.3 1 0
github.com/noandrea/distill/pkg/common/helpers.go:43.46,44.13 1 4
github.com/noandrea/distill/pkg/common/helpers.go:44.13,46.3 1 2
github.com/noandrea/distill/pkg/common/helpers.go:50.55,51.13 1 0
github.com/noandrea/distill/pkg/common/helpers.go:51.13,53.3 1 0
github.com/noandrea/distill/pkg/common/helpers.go:57.70,58.26 1 17
github.com/noandrea/distill/pkg/common/helpers.go:62.2,62.17 1 13
github.com/noandrea/distill/pkg/common/helpers.go:66.2,66.44 1 11
github.com/noandrea/distill/pkg/common/helpers.go:58.26,61.3 2 4
github.com/noandrea/distill/pkg/common/helpers.go:62.17,65.3 2 2
github.com/noandrea/distill/pkg/common/helpers.go:70.30,75.2 4 8
github.com/noandrea/distill/pkg/common/helpers.go:78.60,80.16 2 0
github.com/noandrea/distill/pkg/common/helpers.go:85.2,88.27 4 0
github.com/noandrea/distill/pkg/common/helpers.go:91.2,91.8 1 0
github.com/noandrea/distill/pkg/common/helpers.go:80.16,82.3 1 0
github.com/noandrea/distill/pkg/common/helpers.go:82.8,84.3 1 0
github.com/noandrea/distill/pkg/common/helpers.go:88.27,90.3 1 0
github.com/noandrea/distill/pkg/common/helpers.go:96.53,98.16 2 0
github.com/noandrea/distill/pkg/common/helpers.go:102.2,102.15 1 0
github.com/noandrea/distill/pkg/common/helpers.go:98.16,101.3 2 0
github.com/noandrea/distill/pkg/common/helpers.go:107.57,109.16 2 0
github.com/noandrea/distill/pkg/common/helpers.go:113.2,113.8 1 0
github.com/noandrea/distill/pkg/common/helpers.go:109.16,112.3 2 0
github.com/noandrea/distill/pkg/common/helpers.go:125.36,126.12 1 0
github.com/noandrea/distill/pkg/common/helpers.go:129.2,130.8 2 0
github.com/noandrea/distill/pkg/common/helpers.go:126.12,128.3 1 0
github.com/noandrea/distill/pkg/common/helpers.go:134.38,135.16 1 0
github.com/noandrea/distill/pkg/common/helpers.go:138.2,139.8 2 0
github.com/noandrea/distill/pkg/common/helpers.go:135.16,137.3 1 0
github.com/noandrea/distill/pkg/common/helpers.go:143.65,144.39 1 0
github.com/noandrea/distill/pkg/common/helpers.go:147.2,147.8 1 0
github.com/noandrea/distill/pkg/common/helpers.go:144.39,146.3 1 0
github.com/noandrea/distill/pkg/common/helpers.go:151.67,152.39 1 0
github.com/noandrea/distill/pkg/common/helpers.go:155.2,155.8 1 0
github.com/noandrea/distill/pkg/common/helpers.go:152.39,154.3 1 0
github.com/noandrea/distill/pkg/common/helpers.go:159.68,160.39 1 0
github.com/noandrea/distill/pkg/common/helpers.go:163.2,163.8 1 0
github.com/noandrea/distill/pkg/common/helpers.go:160.39,162.3 1 0
github.com/noandrea/distill/pkg/common/helpers.go:167.32,171.2 3 0
github.com/noandrea/distill/pkg/common/helpers.go:174.28,176.2 1 0
github.com/noandrea/distill/pkg/common/helpers.go:179.28,180.11 1 0
github.com/noandrea/distill/pkg/common/helpers.go:183.2,183.10 1 0
github.com/noandrea/distill/pkg/common/helpers.go:180.11,182.3 1 0
github.com/noandrea/distill/pkg/datastore/badger.go:23.60,31.16 6 0
github.com/noandrea/distill/pkg/datastore/badger.go:34.2,36.16 3 0
github.com/noandrea/distill/pkg/datastore/badger.go:39.2,39.14 1 0
github.com/noandrea/distill/pkg/datastore/badger.go:31.16,33.3 1 0
github.com/noandrea/distill/pkg/datastore/badger.go:36.16,38.3 1 0
github.com/noandrea/distill/pkg/datastore/badger.go:43.31,45.2 1 0
github.com/noandrea/distill/pkg/datastore/badger.go:48.69,49.55 1 0
github.com/noandrea/distill/pkg/datastore/badger.go:57.2,57.8 1 0
github.com/noandrea/distill/pkg/datastore/badger.go:49.55,52.17 2 0
github.com/noandrea/distill/pkg/datastore/badger.go:55.3,55.33 1 0
github.com/noandrea/distill/pkg/datastore/badger.go:52.17,54.4 1 0
github.com/noandrea/distill/pkg/datastore/badger.go:61.81,62.53 1 0
github.com/noandrea/distill/pkg/datastore/badger.go:71.2,71.8 1 0
github.com/noandrea/distill/pkg/datastore/badger.go:62.53,64.17 2 0
github.com/noandrea/distill/pkg/datastore/badger.go:67.3,69.9 3 0
github.com/noandrea/distill/pkg/datastore/badger.go:64.17,66.4 1 0
github.com/noandrea/distill/pkg/datastore/badger.go:75.69,76.55 1 0
github.com/noandrea/distill/pkg/datastore/badger.go:84.2,84.8 1 0
github.com/noandrea/distill/pkg/datastore/badger.go:76.55,83.3 5 0
github.com/noandrea/distill/pkg/datastore/badger.go:88.69,89.53 1 0
github.com/noandrea/distill/pkg/datastore/badger.go:98.2,98.8 1 0
github.com/noandrea/distill/pkg/datastore/badger.go:89.53,91.17 2 0
github.com/noandrea/distill/pkg/datastore/badger.go:95.3,96.9 2 0
github.com/noandrea/distill/pkg/datastore/badger.go:91.17,94.4 2 0
github.com/noandrea/distill/pkg/datastore/badger.go:102.59,103.55 1 0
github.com/noandrea/distill/pkg/datastore/badger.go:118.2,118.8 1 0
github.com/noandrea/distill/pkg/datastore/badger.go:103.55,107.17 3 0
github.com/noandrea/distill/pkg/datastore/badger.go:111.3,116.9 5 0
github.com/noandrea/distill/pkg/datastore/badger.go:107.17,109.4 1 0
github.com/noandrea/distill/pkg/datastore/badger.go:122.60,123.55 1 0
github.com/noandrea/distill/pkg/datastore/badger.go:138.2,138.8 1 0
github.com/noandrea/distill/pkg/datastore/badger.go:123.55,127.17 3 0
github.com/noandrea/distill/pkg/datastore/badger.go:131.3,136.9 5 0
github.com/noandrea/distill/pkg/datastore/badger.go:127.17,129.4 1 0
github.com/noandrea/distill/pkg/datastore/badger.go:142.68,143.55 1 0
github.com/noandrea/distill/pkg/datastore/badger.go:170.2,170.8 1 0
github.com/noandrea/distill/pkg/datastore/badger.go:143.55,148.17 3 0
github.com/noandrea/distill/pkg/datastore/badger.go:152.3,153.17 2 0
github.com/noandrea/distill/pkg/datastore/badger.go:160.3,163.17 3 0
github.com/noandrea/distill/pkg/datastore/badger.go:167.3,168.9 2 0
github.com/noandrea/distill/pkg/datastore/badger.go:148.17,150.4 1 0
github.com/noandrea/distill/pkg/datastore/badger.go:153.17,155.4 1 0
github.com/noandrea/distill/pkg/datastore/badger.go:163.17,165.4 1 0
github.com/noandrea/distill/pkg/datastore/badger.go:174.69,175.53 1 0
github.com/noandrea/distill/pkg/datastore/badger.go:183.2,183.8 1 0
github.com/noandrea/distill/pkg/datastore/badger.go:175.53,177.17 2 0
github.com/noandrea/distill/pkg/datastore/badger.go:180.3,181.9 2 0
github.com/noandrea/distill/pkg/datastore/badger.go:177.17,179.4 1 0
github.com/noandrea/distill/pkg/datastore/badger.go:187.72,188.55 1 0
github.com/noandrea/distill/pkg/datastore/badger.go:202.2,202.12 1 0
github.com/noandrea/distill/pkg/datastore/badger.go:188.55,191.38 2 0
github.com/noandrea/distill/pkg/datastore/badger.go:195.3,196.17 2 0
github.com/noandrea/distill/pkg/datastore/badger.go:199.3,200.9 2 0
github.com/noandrea/distill/pkg/datastore/badger.go:191.38,194.4 2 0
github.com/noandrea/distill/pkg/datastore/badger.go:196.17,198.4 1 0
github.com/noandrea/distill/pkg/datastore/badger.go:206.72,207.55 1 0
github.com/noandrea/distill/pkg/datastore/badger.go:216.2,216.12 1 0
github.com/noandrea/distill/pkg/datastore/badger.go:207.55,210.17 3 0
github.com/noandrea/distill/pkg/datastore/badger.go:213.3,214.9 2 0
github.com/noandrea/distill/pkg/datastore/badger.go:210.17,212.4 1 0
github.com/noandrea/distill/pkg/datastore/badger.go:220.54,221.55 1 0
github.com/noandrea/distill/pkg/datastore/badger.go:227.2,228.8 2 0
github.com/noandrea/distill/pkg/datastore/badger.go:221.55,226.3 3 0
github.com/noandrea/distill/pkg/datastore/badger.go:232.58,284.2 1 0
github.com/noandrea/distill/pkg/datastore/badger.go:287.69,326.2 1 0
github.com/noandrea/distill/pkg/datastore/badger.go:372.57,373.25 1 0
github.com/noandrea/distill/pkg/datastore/badger.go:377.2,377.8 1 0
github.com/noandrea/distill/pkg/datastore/badger.go:373.25,376.3 2 0
github.com/noandrea/distill/pkg/datastore/badger.go:380.57,383.16 3 0
github.com/noandrea/distill/pkg/datastore/badger.go:383.16,385.3 1 0
github.com/noandrea/distill/pkg/datastore/badger.go:390.63,392.16 2 0
github.com/noandrea/distill/pkg/datastore/badger.go:395.2,395.40 1 0
github.com/noandrea/distill/pkg/datastore/badger.go:399.2,400.8 2 0
github.com/noandrea/distill/pkg/datastore/badger.go:392.16,394.3 1 0
github.com/noandrea/distill/pkg/datastore/badger.go:395.40,398.3 2 0
github.com/noandrea/distill/pkg/datastore/badger.go:403.56,405.16 2 0
github.com/noandrea/distill/pkg/datastore/badger.go:408.2,409.40 2 0
github.com/noandrea/distill/pkg/datastore/badger.go:413.2,415.8 3 0
github.com/noandrea/distill/pkg/datastore/badger.go:405.16,407.3 1 0
github.com/noandrea/distill/pkg/datastore/badger.go:409.40,412.3 2 0
github.com/noandrea/distill/pkg/datastore/stats.go:22.36,24.22 2 0
github.com/noandrea/distill/pkg/datastore/stats.go:25.26,27.11 2 0
github.com/noandrea/distill/pkg/datastore/stats.go:28.26,30.11 2 0
github.com/noandrea/distill/pkg/datastore/stats.go:31.23,33.11 2 0
github.com/noandrea/distill/pkg/datastore/stats.go:34.27,36.18 2 0
github.com/noandrea/distill/pkg/datastore/urlstore.go:37.39,42.56 3 4
github.com/noandrea/distill/pkg/datastore/urlstore.go:42.56,43.25 1 2
github.com/noandrea/distill/pkg/datastore/urlstore.go:46.3,46.19 1 2
github.com/noandrea/distill/pkg/datastore/urlstore.go:43.25,45.4 1 1
github.com/noandrea/distill/web/endpoints.go:24.56,26.20 2 0
github.com/noandrea/distill/web/endpoints.go:30.2,30.43 1 0
github.com/noandrea/distill/web/endpoints.go:33.2,35.20 2 0
github.com/noandrea/distill/web/endpoints.go:38.2,38.8 1 0
github.com/noandrea/distill/web/endpoints.go:26.20,28.3 1 0
github.com/noandrea/distill/web/endpoints.go:30.43,32.3 1 0
github.com/noandrea/distill/web/endpoints.go:35.20,37.3 1 0
github.com/noandrea/distill/web/endpoints.go:42.61,64.63 11 0
github.com/noandrea/distill/web/endpoints.go:68.2,70.42 2 0
github.com/noandrea/distill/web/endpoints.go:85.2,85.15 1 0
github.com/noandrea/distill/web/endpoints.go:64.63,66.3 1 0
github.com/noandrea/distill/web/endpoints.go:70.42,84.3 7 0
github.com/noandrea/distill/web/endpoints.go:96.58,98.47 2 0
github.com/noandrea/distill/web/endpoints.go:103.2,106.16 3 0
github.com/noandrea/distill/web/endpoints.go:111.2,114.16 3 0
github.com/noandrea/distill/web/endpoints.go:118.2,118.48 1 0
github.com/noandrea/distill/web/endpoints.go:98.47,101.3 2 0
github.com/noandrea/distill/web/endpoints.go:106.16,109.3 2 0
github.com/noandrea/distill/web/endpoints.go:114.16,117.3 2 0
github.com/noandrea/distill/web/endpoints.go:121.59,125.16 3 0
github.com/noandrea/distill/web/endpoints.go:130.2,131.39 2 0
github.com/noandrea/distill/web/endpoints.go:135.2,136.8 2 0
github.com/noandrea/distill/web/endpoints.go:125.16,128.3 2 0
github.com/noandrea/distill/web/endpoints.go:131.39,133.3 1 0
github.com/noandrea/distill/web/endpoints.go:139.65,141.2 1 1
github.com/noandrea/distill/web/endpoints.go:143.61,147.16 3 0
github.com/noandrea/distill/web/endpoints.go:151.2,151.67 1 0
github.com/noandrea/distill/web/endpoints.go:156.2,156.37 1 0
github.com/noandrea/distill/web/endpoints.go:147.16,150.3 2 0
github.com/noandrea/distill/web/endpoints.go:151.67,155.3 2 0
github.com/noandrea/distill/web/endpoints.go:159.61,161.2 1 0
github.com/noandrea/distill/web/endpoints.go:163.63,170.2 1 0
github.com/noandrea/distill/web/endpoints.go:172.62,176.16 3 0
github.com/noandrea/distill/web/endpoints.go:180.2,181.16 2 0
github.com/noandrea/distill/web/endpoints.go:185.2,185.53 1 0
github.com/noandrea/distill/web/endpoints.go:176.16,179.3 2 0
github.com/noandrea/distill/web/endpoints.go:181.16,184.3 2 0
github.com/noandrea/distill/web/endpoints.go:197.67,204.2 1 0
github.com/noandrea/distill/web/endpoints.go:207.66,214.2 1 0
github.com/noandrea/distill/web/endpoints.go:217.61,224.2 1 0
github.com/noandrea/distill/web/endpoints.go:227.76,230.2 2 0
github.com/noandrea/distill/web/endpoints.go:254.49,255.71 1 0
github.com/noandrea/distill/web/endpoints.go:255.71,258.20 3 0
github.com/noandrea/distill/web/endpoints.go:262.3,262.23 1 0
github.com/noandrea/distill/web/endpoints.go:258.20,261.4 2 0
github.com/noandrea/distill/web/endpoints.go:267.43,268.71 1 0
github.com/noandrea/distill/web/endpoints.go:268.71,274.28 5 0
github.com/noandrea/distill/web/endpoints.go:278.3,278.23 1 0
github.com/noandrea/distill/web/endpoints.go:274.28,277.4 2 0
github.com/noandrea/distill/pkg/distill/distill.go:29.70,32.2 2 0
github.com/noandrea/distill/pkg/distill/distill.go:36.63,39.16 2 6
github.com/noandrea/distill/pkg/distill/distill.go:42.2,42.8 1 6
github.com/noandrea/distill/pkg/distill/distill.go:39.16,41.3 1 0
github.com/noandrea/distill/pkg/distill/distill.go:45.39,50.2 2 0
github.com/noandrea/distill/pkg/distill/distill.go:52.58,53.51 1 15
github.com/noandrea/distill/pkg/distill/distill.go:56.2,57.16 2 9
github.com/noandrea/distill/pkg/distill/distill.go:60.2,60.25 1 9
github.com/noandrea/distill/pkg/distill/distill.go:64.2,65.8 2 4
github.com/noandrea/distill/pkg/distill/distill.go:53.51,55.3 1 6
github.com/noandrea/distill/pkg/distill/distill.go:57.16,59.3 1 0
github.com/noandrea/distill/pkg/distill/distill.go:60.25,63.3 2 5
github.com/noandrea/distill/pkg/distill/distill.go:70.118,71.36 1 6
github.com/noandrea/distill/pkg/distill/distill.go:76.2,78.56 2 5
github.com/noandrea/distill/pkg/distill/distill.go:83.2,83.37 1 3
github.com/noandrea/distill/pkg/distill/distill.go:86.2,86.8 1 3
github.com/noandrea/distill/pkg/distill/distill.go:71.36,74.3 2 1
github.com/noandrea/distill/pkg/distill/distill.go:78.56,81.3 2 2
github.com/noandrea/distill/pkg/distill/distill.go:83.37,85.3 1 1
github.com/noandrea/distill/pkg/distill/distill.go:89.94,93.58 2 6
github.com/noandrea/distill/pkg/distill/distill.go:98.2,98.66 1 4
github.com/noandrea/distill/pkg/distill/distill.go:103.2,103.64 1 3
github.com/noandrea/distill/pkg/distill/distill.go:108.2,108.67 1 2
github.com/noandrea/distill/pkg/distill/distill.go:114.2,115.20 2 1
github.com/noandrea/distill/pkg/distill/distill.go:123.2,123.39 1 1
github.com/noandrea/distill/pkg/distill/distill.go:127.2,128.16 2 1
github.com/noandrea/distill/pkg/distill/distill.go:134.2,134.25 1 1
github.com/noandrea/distill/pkg/distill/distill.go:137.2,137.8 1 1
github.com/noandrea/distill/pkg/distill/distill.go:93.58,96.3 2 2
github.com/noandrea/distill/pkg/distill/distill.go:98.66,101.3 2 1
github.com/noandrea/distill/pkg/distill/distill.go:103.64,106.3 2 1
github.com/noandrea/distill/pkg/distill/distill.go:108.67,111.3 2 1
github.com/noandrea/distill/pkg/distill/distill.go:115.20,117.3 1 0
github.com/noandrea/distill/pkg/distill/distill.go:123.39,125.3 1 1
github.com/noandrea/distill/pkg/distill/distill.go:128.16,131.3 2 0
github.com/noandrea/distill/pkg/distill/distill.go:134.25,136.3 1 1
github.com/noandrea/distill/pkg/distill/distill.go:142.79,144.2 1 0
github.com/noandrea/distill/pkg/distill/distill.go:147.73,152.45 4 0
github.com/noandrea/distill/pkg/distill/distill.go:157.2,161.39 3 0
github.com/noandrea/distill/pkg/distill/distill.go:165.2,167.8 2 0
github.com/noandrea/distill/pkg/distill/distill.go:152.45,154.3 1 0
github.com/noandrea/distill/pkg/distill/distill.go:161.39,164.3 2 0
github.com/noandrea/distill/pkg/distill/distill.go:171.47,174.16 3 0
github.com/noandrea/distill/pkg/distill/distill.go:178.2,178.8 1 0
github.com/noandrea/distill/pkg/distill/distill.go:174.16,176.3 1 0
github.com/noandrea/distill/pkg/distill/distill.go:183.79,187.45 3 0
github.com/noandrea/distill/pkg/distill/distill.go:191.2,193.16 3 0
github.com/noandrea/distill/pkg/distill/distill.go:198.2,198.37 1 0
github.com/noandrea/distill/pkg/distill/distill.go:206.2,207.62 2 0
github.com/noandrea/distill/pkg/distill/distill.go:215.2,215.59 1 0
github.com/noandrea/distill/pkg/distill/distill.go:230.2,231.8 2 0
github.com/noandrea/distill/pkg/distill/distill.go:187.45,189.3 1 0
github.com/noandrea/distill/pkg/distill/distill.go:193.16,195.3 1 0
github.com/noandrea/distill/pkg/distill/distill.go:198.37,204.3 4 0
github.com/noandrea/distill/pkg/distill/distill.go:207.62,213.3 4 0
github.com/noandrea/distill/pkg/distill/distill.go:215.59,225.3 4 0
github.com/noandrea/distill/pkg/distill/distill.go:235.65,239.2 3 0
